# JRE version: OpenJDK Runtime Environment (21.0.6) (build 21.0.6+-13368085-b895.109)
# Java VM: OpenJDK 64-Bit Server VM (21.0.6+-13368085-b895.109, mixed mode, tiered, compressed oops, compressed class ptrs, g1 gc, windows-amd64)
GC Precious Log:
 CardTable entry size: 512
 Card Set container configuration: InlinePtr #cards 5 size 8 Array Of Cards #cards 12 size 40 Howl #buckets 4 coarsen threshold 1843 Howl Bitmap #cards 512 size 80 coarsen threshold 460 Card regions per heap region 1 cards per card region 2048
 CPUs: 12 total, 12 available
 Memory: 15751M
 Large Page Support: Disabled
 NUMA Support: Disabled
 Compressed Oops: Enabled (32-bit)
 Heap Region Size: 1M
 Heap Min Capacity: 8M
 Heap Initial Capacity: 248M
 Heap Max Capacity: 2G
 Pre-touch: Disabled
 Parallel Workers: 10
 Concurrent Workers: 3
 Concurrent Refinement Workers: 10
 Periodic GC: Disabled
Heap:
 garbage-first heap   total 181248K, used 125679K [0x0000000080000000, 0x0000000100000000)
  region size 1024K, 7 young (7168K), 5 survivors (5120K)
 Metaspace       used 113784K, committed 116032K, reserved 1179648K
  class space    used 15207K, committed 16320K, reserved 1048576K
GC Heap History (20 events):
Event: 6.732 GC heap before
{Heap before GC invocations=26 (full 0):
 garbage-first heap   total 133120K, used 99419K [0x0000000080000000, 0x0000000100000000)
  region size 1024K, 21 young (21504K), 3 survivors (3072K)
 Metaspace       used 84773K, committed 86592K, reserved 1179648K
  class space    used 11291K, committed 12224K, reserved 1048576K
}
Event: 6.734 GC heap after
{Heap after GC invocations=27 (full 0):
 garbage-first heap   total 133120K, used 82665K [0x0000000080000000, 0x0000000100000000)
  region size 1024K, 4 young (4096K), 4 survivors (4096K)
 Metaspace       used 84773K, committed 86592K, reserved 1179648K
  class space    used 11291K, committed 12224K, reserved 1048576K
}
Event: 7.039 GC heap before
{Heap before GC invocations=28 (full 0):
 garbage-first heap   total 147456K, used 123625K [0x0000000080000000, 0x0000000100000000)
  region size 1024K, 40 young (40960K), 4 survivors (4096K)
 Metaspace       used 87862K, committed 89856K, reserved 1179648K
  class space    used 11685K, committed 12672K, reserved 1048576K
}
Event: 7.041 GC heap after
{Heap after GC invocations=29 (full 0):
 garbage-first heap   total 147456K, used 89534K [0x0000000080000000, 0x0000000100000000)
  region size 1024K, 4 young (4096K), 4 survivors (4096K)
 Metaspace       used 87862K, committed 89856K, reserved 1179648K
  class space    used 11685K, committed 12672K, reserved 1048576K
}
Event: 7.321 GC heap before
{Heap before GC invocations=29 (full 0):
 garbage-first heap   total 147456K, used 137662K [0x0000000080000000, 0x0000000100000000)
  region size 1024K, 47 young (48128K), 4 survivors (4096K)
 Metaspace       used 90641K, committed 92544K, reserved 1179648K
  class space    used 11962K, committed 12928K, reserved 1048576K
}
Event: 7.326 GC heap after
{Heap after GC invocations=30 (full 0):
 garbage-first heap   total 148480K, used 93120K [0x0000000080000000, 0x0000000100000000)
  region size 1024K, 6 young (6144K), 6 survivors (6144K)
 Metaspace       used 90641K, committed 92544K, reserved 1179648K
  class space    used 11962K, committed 12928K, reserved 1048576K
}
Event: 7.595 GC heap before
{Heap before GC invocations=30 (full 0):
 garbage-first heap   total 148480K, used 134080K [0x0000000080000000, 0x0000000100000000)
  region size 1024K, 46 young (47104K), 6 survivors (6144K)
 Metaspace       used 91977K, committed 93952K, reserved 1179648K
  class space    used 12133K, committed 13120K, reserved 1048576K
}
Event: 7.601 GC heap after
{Heap after GC invocations=31 (full 0):
 garbage-first heap   total 178176K, used 98394K [0x0000000080000000, 0x0000000100000000)
  region size 1024K, 5 young (5120K), 5 survivors (5120K)
 Metaspace       used 91977K, committed 93952K, reserved 1179648K
  class space    used 12133K, committed 13120K, reserved 1048576K
}
Event: 8.076 GC heap before
{Heap before GC invocations=32 (full 0):
 garbage-first heap   total 178176K, used 156762K [0x0000000080000000, 0x0000000100000000)
  region size 1024K, 62 young (63488K), 5 survivors (5120K)
 Metaspace       used 96930K, committed 98944K, reserved 1179648K
  class space    used 12927K, committed 13952K, reserved 1048576K
}
Event: 8.078 GC heap after
{Heap after GC invocations=33 (full 0):
 garbage-first heap   total 178176K, used 100052K [0x0000000080000000, 0x0000000100000000)
  region size 1024K, 7 young (7168K), 7 survivors (7168K)
 Metaspace       used 96930K, committed 98944K, reserved 1179648K
  class space    used 12927K, committed 13952K, reserved 1048576K
}
Event: 8.490 GC heap before
{Heap before GC invocations=33 (full 0):
 garbage-first heap   total 178176K, used 159444K [0x0000000080000000, 0x0000000100000000)
  region size 1024K, 65 young (66560K), 7 survivors (7168K)
 Metaspace       used 101050K, committed 103104K, reserved 1179648K
  class space    used 13561K, committed 14592K, reserved 1048576K
}
Event: 8.494 GC heap after
{Heap after GC invocations=34 (full 0):
 garbage-first heap   total 178176K, used 102952K [0x0000000080000000, 0x0000000100000000)
  region size 1024K, 7 young (7168K), 7 survivors (7168K)
 Metaspace       used 101050K, committed 103104K, reserved 1179648K
  class space    used 13561K, committed 14592K, reserved 1048576K
}
Event: 8.947 GC heap before
{Heap before GC invocations=34 (full 0):
 garbage-first heap   total 178176K, used 159272K [0x0000000080000000, 0x0000000100000000)
  region size 1024K, 62 young (63488K), 7 survivors (7168K)
 Metaspace       used 103809K, committed 105984K, reserved 1179648K
  class space    used 13970K, committed 15040K, reserved 1048576K
}
Event: 8.952 GC heap after
{Heap after GC invocations=35 (full 0):
 garbage-first heap   total 178176K, used 108149K [0x0000000080000000, 0x0000000100000000)
  region size 1024K, 8 young (8192K), 8 survivors (8192K)
 Metaspace       used 103809K, committed 105984K, reserved 1179648K
  class space    used 13970K, committed 15040K, reserved 1048576K
}
Event: 9.343 GC heap before
{Heap before GC invocations=36 (full 0):
 garbage-first heap   total 181248K, used 159349K [0x0000000080000000, 0x0000000100000000)
  region size 1024K, 58 young (59392K), 8 survivors (8192K)
 Metaspace       used 107735K, committed 109888K, reserved 1179648K
  class space    used 14615K, committed 15680K, reserved 1048576K
}
Event: 9.348 GC heap after
{Heap after GC invocations=37 (full 0):
 garbage-first heap   total 181248K, used 111913K [0x0000000080000000, 0x0000000100000000)
  region size 1024K, 4 young (4096K), 4 survivors (4096K)
 Metaspace       used 107735K, committed 109888K, reserved 1179648K
  class space    used 14615K, committed 15680K, reserved 1048576K
}
Event: 9.760 GC heap before
{Heap before GC invocations=37 (full 0):
 garbage-first heap   total 181248K, used 165161K [0x0000000080000000, 0x0000000100000000)
  region size 1024K, 57 young (58368K), 4 survivors (4096K)
 Metaspace       used 112177K, committed 114368K, reserved 1179648K
  class space    used 15130K, committed 16256K, reserved 1048576K
}
Event: 9.764 GC heap after
{Heap after GC invocations=38 (full 0):
 garbage-first heap   total 181248K, used 115562K [0x0000000080000000, 0x0000000100000000)
  region size 1024K, 7 young (7168K), 7 survivors (7168K)
 Metaspace       used 112177K, committed 114368K, reserved 1179648K
  class space    used 15130K, committed 16256K, reserved 1048576K
}
Event: 9.864 GC heap before
{Heap before GC invocations=38 (full 0):
 garbage-first heap   total 181248K, used 126826K [0x0000000080000000, 0x0000000100000000)
  region size 1024K, 19 young (19456K), 7 survivors (7168K)
 Metaspace       used 112876K, committed 115136K, reserved 1179648K
  class space    used 15185K, committed 16320K, reserved 1048576K
}
Event: 9.868 GC heap after
{Heap after GC invocations=39 (full 0):
 garbage-first heap   total 181248K, used 119535K [0x0000000080000000, 0x0000000100000000)
  region size 1024K, 5 young (5120K), 5 survivors (5120K)
 Metaspace       used 112876K, committed 115136K, reserved 1179648K
  class space    used 15185K, committed 16320K, reserved 1048576K
}

