# JRE version: OpenJDK Runtime Environment (21.0.6) (build 21.0.6+-13368085-b895.109)
# Java VM: OpenJDK 64-Bit Server VM (21.0.6+-13368085-b895.109, mixed mode, tiered, compressed oops, compressed class ptrs, g1 gc, windows-amd64)
GC Precious Log:
 CardTable entry size: 512
 Card Set container configuration: InlinePtr #cards 5 size 8 Array Of Cards #cards 12 size 40 Howl #buckets 4 coarsen threshold 1843 Howl Bitmap #cards 512 size 80 coarsen threshold 460 Card regions per heap region 1 cards per card region 2048
 CPUs: 12 total, 12 available
 Memory: 15751M
 Large Page Support: Disabled
 NUMA Support: Disabled
 Compressed Oops: Enabled (32-bit)
 Heap Region Size: 1M
 Heap Min Capacity: 8M
 Heap Initial Capacity: 248M
 Heap Max Capacity: 2G
 Pre-touch: Disabled
 Parallel Workers: 10
 Concurrent Workers: 3
 Concurrent Refinement Workers: 10
 Periodic GC: Disabled
Heap:
 garbage-first heap   total 97280K, used 50339K [0x0000000080000000, 0x0000000100000000)
  region size 1024K, 10 young (10240K), 5 survivors (5120K)
 Metaspace       used 64526K, committed 66176K, reserved 1114112K
  class space    used 8793K, committed 9600K, reserved 1048576K
GC Heap History (20 events):
Event: 2.134 GC heap before
{Heap before GC invocations=5 (full 0):
 garbage-first heap   total 68608K, used 67317K [0x0000000080000000, 0x0000000100000000)
  region size 1024K, 55 young (56320K), 8 survivors (8192K)
 Metaspace       used 28909K, committed 29568K, reserved 1114112K
  class space    used 3663K, committed 3968K, reserved 1048576K
}
Event: 2.139 GC heap after
{Heap after GC invocations=6 (full 0):
 garbage-first heap   total 79872K, used 23146K [0x0000000080000000, 0x0000000100000000)
  region size 1024K, 11 young (11264K), 11 survivors (11264K)
 Metaspace       used 28909K, committed 29568K, reserved 1114112K
  class space    used 3663K, committed 3968K, reserved 1048576K
}
Event: 2.487 GC heap before
{Heap before GC invocations=6 (full 0):
 garbage-first heap   total 79872K, used 57962K [0x0000000080000000, 0x0000000100000000)
  region size 1024K, 46 young (47104K), 11 survivors (11264K)
 Metaspace       used 33451K, committed 34304K, reserved 1114112K
  class space    used 4438K, committed 4864K, reserved 1048576K
}
Event: 2.492 GC heap after
{Heap after GC invocations=7 (full 0):
 garbage-first heap   total 79872K, used 25123K [0x0000000080000000, 0x0000000100000000)
  region size 1024K, 6 young (6144K), 6 survivors (6144K)
 Metaspace       used 33451K, committed 34304K, reserved 1114112K
  class space    used 4438K, committed 4864K, reserved 1048576K
}
Event: 2.615 GC heap before
{Heap before GC invocations=7 (full 0):
 garbage-first heap   total 79872K, used 37411K [0x0000000080000000, 0x0000000100000000)
  region size 1024K, 19 young (19456K), 6 survivors (6144K)
 Metaspace       used 35294K, committed 36096K, reserved 1114112K
  class space    used 4720K, committed 5120K, reserved 1048576K
}
Event: 2.617 GC heap after
{Heap after GC invocations=8 (full 0):
 garbage-first heap   total 79872K, used 25985K [0x0000000080000000, 0x0000000100000000)
  region size 1024K, 4 young (4096K), 4 survivors (4096K)
 Metaspace       used 35294K, committed 36096K, reserved 1114112K
  class space    used 4720K, committed 5120K, reserved 1048576K
}
Event: 2.938 GC heap before
{Heap before GC invocations=9 (full 0):
 garbage-first heap   total 79872K, used 65921K [0x0000000080000000, 0x0000000100000000)
  region size 1024K, 44 young (45056K), 4 survivors (4096K)
 Metaspace       used 42075K, committed 43008K, reserved 1114112K
  class space    used 5481K, committed 5952K, reserved 1048576K
}
Event: 2.941 GC heap after
{Heap after GC invocations=10 (full 0):
 garbage-first heap   total 79872K, used 30225K [0x0000000080000000, 0x0000000100000000)
  region size 1024K, 6 young (6144K), 6 survivors (6144K)
 Metaspace       used 42075K, committed 43008K, reserved 1114112K
  class space    used 5481K, committed 5952K, reserved 1048576K
}
Event: 3.104 GC heap before
{Heap before GC invocations=10 (full 0):
 garbage-first heap   total 79872K, used 69137K [0x0000000080000000, 0x0000000100000000)
  region size 1024K, 43 young (44032K), 6 survivors (6144K)
 Metaspace       used 44562K, committed 45504K, reserved 1114112K
  class space    used 5739K, committed 6208K, reserved 1048576K
}
Event: 3.108 GC heap after
{Heap after GC invocations=11 (full 0):
 garbage-first heap   total 97280K, used 32266K [0x0000000080000000, 0x0000000100000000)
  region size 1024K, 3 young (3072K), 3 survivors (3072K)
 Metaspace       used 44562K, committed 45504K, reserved 1114112K
  class space    used 5739K, committed 6208K, reserved 1048576K
}
Event: 3.511 GC heap before
{Heap before GC invocations=11 (full 0):
 garbage-first heap   total 97280K, used 83466K [0x0000000080000000, 0x0000000100000000)
  region size 1024K, 54 young (55296K), 3 survivors (3072K)
 Metaspace       used 50290K, committed 51648K, reserved 1114112K
  class space    used 6691K, committed 7360K, reserved 1048576K
}
Event: 3.514 GC heap after
{Heap after GC invocations=12 (full 0):
 garbage-first heap   total 97280K, used 35689K [0x0000000080000000, 0x0000000100000000)
  region size 1024K, 6 young (6144K), 6 survivors (6144K)
 Metaspace       used 50290K, committed 51648K, reserved 1114112K
  class space    used 6691K, committed 7360K, reserved 1048576K
}
Event: 3.926 GC heap before
{Heap before GC invocations=12 (full 0):
 garbage-first heap   total 97280K, used 83817K [0x0000000080000000, 0x0000000100000000)
  region size 1024K, 53 young (54272K), 6 survivors (6144K)
 Metaspace       used 56856K, committed 58368K, reserved 1114112K
  class space    used 7655K, committed 8384K, reserved 1048576K
}
Event: 3.930 GC heap after
{Heap after GC invocations=13 (full 0):
 garbage-first heap   total 97280K, used 37582K [0x0000000080000000, 0x0000000100000000)
  region size 1024K, 6 young (6144K), 6 survivors (6144K)
 Metaspace       used 56856K, committed 58368K, reserved 1114112K
  class space    used 7655K, committed 8384K, reserved 1048576K
}
Event: 4.092 GC heap before
{Heap before GC invocations=13 (full 0):
 garbage-first heap   total 97280K, used 51918K [0x0000000080000000, 0x0000000100000000)
  region size 1024K, 21 young (21504K), 6 survivors (6144K)
 Metaspace       used 58765K, committed 60288K, reserved 1114112K
  class space    used 7941K, committed 8704K, reserved 1048576K
}
Event: 4.095 GC heap after
{Heap after GC invocations=14 (full 0):
 garbage-first heap   total 97280K, used 39067K [0x0000000080000000, 0x0000000100000000)
  region size 1024K, 4 young (4096K), 4 survivors (4096K)
 Metaspace       used 58765K, committed 60288K, reserved 1114112K
  class space    used 7941K, committed 8704K, reserved 1048576K
}
Event: 4.660 GC heap before
{Heap before GC invocations=15 (full 0):
 garbage-first heap   total 97280K, used 86171K [0x0000000080000000, 0x0000000100000000)
  region size 1024K, 50 young (51200K), 4 survivors (4096K)
 Metaspace       used 63552K, committed 65152K, reserved 1114112K
  class space    used 8664K, committed 9472K, reserved 1048576K
}
Event: 4.664 GC heap after
{Heap after GC invocations=16 (full 0):
 garbage-first heap   total 97280K, used 42890K [0x0000000080000000, 0x0000000100000000)
  region size 1024K, 7 young (7168K), 7 survivors (7168K)
 Metaspace       used 63552K, committed 65152K, reserved 1114112K
  class space    used 8664K, committed 9472K, reserved 1048576K
}
Event: 4.886 GC heap before
{Heap before GC invocations=16 (full 0):
 garbage-first heap   total 97280K, used 82826K [0x0000000080000000, 0x0000000100000000)
  region size 1024K, 47 young (48128K), 7 survivors (7168K)
 Metaspace       used 64432K, committed 66112K, reserved 1114112K
  class space    used 8780K, committed 9600K, reserved 1048576K
}
Event: 4.892 GC heap after
{Heap after GC invocations=17 (full 0):
 garbage-first heap   total 97280K, used 47267K [0x0000000080000000, 0x0000000100000000)
  region size 1024K, 5 young (5120K), 5 survivors (5120K)
 Metaspace       used 64432K, committed 66112K, reserved 1114112K
  class space    used 8780K, committed 9600K, reserved 1048576K
}

