# JRE version: OpenJDK Runtime Environment (21.0.6) (build 21.0.6+-13368085-b895.109)
# Java VM: OpenJDK 64-Bit Server VM (21.0.6+-13368085-b895.109, mixed mode, tiered, compressed oops, compressed class ptrs, g1 gc, windows-amd64)
GC Precious Log:
 CardTable entry size: 512
 Card Set container configuration: InlinePtr #cards 5 size 8 Array Of Cards #cards 12 size 40 Howl #buckets 4 coarsen threshold 1843 Howl Bitmap #cards 512 size 80 coarsen threshold 460 Card regions per heap region 1 cards per card region 2048
 CPUs: 12 total, 12 available
 Memory: 15751M
 Large Page Support: Disabled
 NUMA Support: Disabled
 Compressed Oops: Enabled (32-bit)
 Heap Region Size: 1M
 Heap Min Capacity: 8M
 Heap Initial Capacity: 248M
 Heap Max Capacity: 2G
 Pre-touch: Disabled
 Parallel Workers: 10
 Concurrent Workers: 3
 Concurrent Refinement Workers: 10
 Periodic GC: Disabled
Heap:
 garbage-first heap   total 264192K, used 253497K [0x0000000080000000, 0x0000000100000000)
  region size 1024K, 83 young (84992K), 6 survivors (6144K)
 Metaspace       used 140269K, committed 142720K, reserved 1179648K
  class space    used 19707K, committed 20928K, reserved 1048576K
GC Heap History (20 events):
Event: 13.847 GC heap before
{Heap before GC invocations=36 (full 0):
 garbage-first heap   total 179200K, used 147942K [0x0000000080000000, 0x0000000100000000)
  region size 1024K, 47 young (48128K), 7 survivors (7168K)
 Metaspace       used 105078K, committed 107264K, reserved 1179648K
  class space    used 14206K, committed 15296K, reserved 1048576K
}
Event: 13.852 GC heap after
{Heap after GC invocations=37 (full 0):
 garbage-first heap   total 179200K, used 110714K [0x0000000080000000, 0x0000000100000000)
  region size 1024K, 4 young (4096K), 4 survivors (4096K)
 Metaspace       used 105078K, committed 107264K, reserved 1179648K
  class space    used 14206K, committed 15296K, reserved 1048576K
}
Event: 14.348 GC heap before
{Heap before GC invocations=37 (full 0):
 garbage-first heap   total 179200K, used 163962K [0x0000000080000000, 0x0000000100000000)
  region size 1024K, 56 young (57344K), 4 survivors (4096K)
 Metaspace       used 110187K, committed 112384K, reserved 1179648K
  class space    used 14913K, committed 16000K, reserved 1048576K
}
Event: 14.353 GC heap after
{Heap after GC invocations=38 (full 0):
 garbage-first heap   total 179200K, used 113514K [0x0000000080000000, 0x0000000100000000)
  region size 1024K, 7 young (7168K), 7 survivors (7168K)
 Metaspace       used 110187K, committed 112384K, reserved 1179648K
  class space    used 14913K, committed 16000K, reserved 1048576K
}
Event: 14.733 GC heap before
{Heap before GC invocations=38 (full 0):
 garbage-first heap   total 179200K, used 154474K [0x0000000080000000, 0x0000000100000000)
  region size 1024K, 49 young (50176K), 7 survivors (7168K)
 Metaspace       used 112870K, committed 115072K, reserved 1179648K
  class space    used 15192K, committed 16320K, reserved 1048576K
}
Event: 14.739 GC heap after
{Heap after GC invocations=39 (full 0):
 garbage-first heap   total 179200K, used 119279K [0x0000000080000000, 0x0000000100000000)
  region size 1024K, 7 young (7168K), 7 survivors (7168K)
 Metaspace       used 112870K, committed 115072K, reserved 1179648K
  class space    used 15192K, committed 16320K, reserved 1048576K
}
Event: 15.245 GC heap before
{Heap before GC invocations=40 (full 0):
 garbage-first heap   total 208896K, used 165359K [0x0000000080000000, 0x0000000100000000)
  region size 1024K, 47 young (48128K), 7 survivors (7168K)
 Metaspace       used 116555K, committed 118784K, reserved 1179648K
  class space    used 15640K, committed 16768K, reserved 1048576K
}
Event: 15.251 GC heap after
{Heap after GC invocations=41 (full 0):
 garbage-first heap   total 208896K, used 123980K [0x0000000080000000, 0x0000000100000000)
  region size 1024K, 5 young (5120K), 5 survivors (5120K)
 Metaspace       used 116555K, committed 118784K, reserved 1179648K
  class space    used 15640K, committed 16768K, reserved 1048576K
}
Event: 15.515 GC heap before
{Heap before GC invocations=41 (full 0):
 garbage-first heap   total 208896K, used 190540K [0x0000000080000000, 0x0000000100000000)
  region size 1024K, 71 young (72704K), 5 survivors (5120K)
 Metaspace       used 116821K, committed 119104K, reserved 1179648K
  class space    used 15668K, committed 16768K, reserved 1048576K
}
Event: 15.521 GC heap after
{Heap after GC invocations=42 (full 0):
 garbage-first heap   total 208896K, used 127752K [0x0000000080000000, 0x0000000100000000)
  region size 1024K, 9 young (9216K), 9 survivors (9216K)
 Metaspace       used 116821K, committed 119104K, reserved 1179648K
  class space    used 15668K, committed 16768K, reserved 1048576K
}
Event: 15.779 GC heap before
{Heap before GC invocations=42 (full 0):
 garbage-first heap   total 208896K, used 187144K [0x0000000080000000, 0x0000000100000000)
  region size 1024K, 68 young (69632K), 9 survivors (9216K)
 Metaspace       used 117146K, committed 119424K, reserved 1179648K
  class space    used 15707K, committed 16832K, reserved 1048576K
}
Event: 15.785 GC heap after
{Heap after GC invocations=43 (full 0):
 garbage-first heap   total 208896K, used 131001K [0x0000000080000000, 0x0000000100000000)
  region size 1024K, 8 young (8192K), 8 survivors (8192K)
 Metaspace       used 117146K, committed 119424K, reserved 1179648K
  class space    used 15707K, committed 16832K, reserved 1048576K
}
Event: 16.027 GC heap before
{Heap before GC invocations=44 (full 0):
 garbage-first heap   total 220160K, used 186297K [0x0000000080000000, 0x0000000100000000)
  region size 1024K, 63 young (64512K), 8 survivors (8192K)
 Metaspace       used 117330K, committed 119552K, reserved 1179648K
  class space    used 15723K, committed 16832K, reserved 1048576K
}
Event: 16.033 GC heap after
{Heap after GC invocations=45 (full 0):
 garbage-first heap   total 264192K, used 133180K [0x0000000080000000, 0x0000000100000000)
  region size 1024K, 5 young (5120K), 5 survivors (5120K)
 Metaspace       used 117330K, committed 119552K, reserved 1179648K
  class space    used 15723K, committed 16832K, reserved 1048576K
}
Event: 16.482 GC heap before
{Heap before GC invocations=45 (full 0):
 garbage-first heap   total 264192K, used 240700K [0x0000000080000000, 0x0000000100000000)
  region size 1024K, 109 young (111616K), 5 survivors (5120K)
 Metaspace       used 118956K, committed 121216K, reserved 1179648K
  class space    used 15968K, committed 17088K, reserved 1048576K
}
Event: 16.488 GC heap after
{Heap after GC invocations=46 (full 0):
 garbage-first heap   total 264192K, used 141149K [0x0000000080000000, 0x0000000100000000)
  region size 1024K, 13 young (13312K), 13 survivors (13312K)
 Metaspace       used 118956K, committed 121216K, reserved 1179648K
  class space    used 15968K, committed 17088K, reserved 1048576K
}
Event: 17.186 GC heap before
{Heap before GC invocations=46 (full 0):
 garbage-first heap   total 264192K, used 234333K [0x0000000080000000, 0x0000000100000000)
  region size 1024K, 105 young (107520K), 13 survivors (13312K)
 Metaspace       used 126469K, committed 128704K, reserved 1179648K
  class space    used 17282K, committed 18368K, reserved 1048576K
}
Event: 17.196 GC heap after
{Heap after GC invocations=47 (full 0):
 garbage-first heap   total 264192K, used 152769K [0x0000000080000000, 0x0000000100000000)
  region size 1024K, 12 young (12288K), 12 survivors (12288K)
 Metaspace       used 126469K, committed 128704K, reserved 1179648K
  class space    used 17282K, committed 18368K, reserved 1048576K
}
Event: 17.654 GC heap before
{Heap before GC invocations=48 (full 0):
 garbage-first heap   total 264192K, used 235713K [0x0000000080000000, 0x0000000100000000)
  region size 1024K, 94 young (96256K), 12 survivors (12288K)
 Metaspace       used 137042K, committed 139456K, reserved 1179648K
  class space    used 19264K, committed 20480K, reserved 1048576K
}
Event: 17.663 GC heap after
{Heap after GC invocations=49 (full 0):
 garbage-first heap   total 264192K, used 158265K [0x0000000080000000, 0x0000000100000000)
  region size 1024K, 6 young (6144K), 6 survivors (6144K)
 Metaspace       used 137042K, committed 139456K, reserved 1179648K
  class space    used 19264K, committed 20480K, reserved 1048576K
}

