# JRE version: OpenJDK Runtime Environment (21.0.6) (build 21.0.6+-13368085-b895.109)
# Java VM: OpenJDK 64-Bit Server VM (21.0.6+-13368085-b895.109, mixed mode, tiered, compressed oops, compressed class ptrs, g1 gc, windows-amd64)
GC Precious Log:
 CardTable entry size: 512
 Card Set container configuration: InlinePtr #cards 5 size 8 Array Of Cards #cards 12 size 40 Howl #buckets 4 coarsen threshold 1843 Howl Bitmap #cards 512 size 80 coarsen threshold 460 Card regions per heap region 1 cards per card region 2048
 CPUs: 12 total, 12 available
 Memory: 15751M
 Large Page Support: Disabled
 NUMA Support: Disabled
 Compressed Oops: Enabled (32-bit)
 Heap Region Size: 1M
 Heap Min Capacity: 8M
 Heap Initial Capacity: 248M
 Heap Max Capacity: 2G
 Pre-touch: Disabled
 Parallel Workers: 10
 Concurrent Workers: 3
 Concurrent Refinement Workers: 10
 Periodic GC: Disabled
Heap:
 garbage-first heap   total 171008K, used 145225K [0x0000000080000000, 0x0000000100000000)
  region size 1024K, 45 young (46080K), 2 survivors (2048K)
 Metaspace       used 101130K, committed 103232K, reserved 1179648K
  class space    used 13553K, committed 14592K, reserved 1048576K
GC Heap History (20 events):
Event: 6.057 GC heap before
{Heap before GC invocations=26 (full 0):
 garbage-first heap   total 114688K, used 99925K [0x0000000080000000, 0x0000000100000000)
  region size 1024K, 33 young (33792K), 6 survivors (6144K)
 Metaspace       used 71117K, committed 72832K, reserved 1114112K
  class space    used 9534K, committed 10368K, reserved 1048576K
}
Event: 6.060 GC heap after
{Heap after GC invocations=27 (full 0):
 garbage-first heap   total 114688K, used 73776K [0x0000000080000000, 0x0000000100000000)
  region size 1024K, 2 young (2048K), 2 survivors (2048K)
 Metaspace       used 71117K, committed 72832K, reserved 1114112K
  class space    used 9534K, committed 10368K, reserved 1048576K
}
Event: 6.287 GC heap before
{Heap before GC invocations=27 (full 0):
 garbage-first heap   total 114688K, used 102448K [0x0000000080000000, 0x0000000100000000)
  region size 1024K, 31 young (31744K), 2 survivors (2048K)
 Metaspace       used 74688K, committed 76416K, reserved 1179648K
  class space    used 9899K, committed 10752K, reserved 1048576K
}
Event: 6.289 GC heap after
{Heap after GC invocations=28 (full 0):
 garbage-first heap   total 114688K, used 74348K [0x0000000080000000, 0x0000000100000000)
  region size 1024K, 2 young (2048K), 2 survivors (2048K)
 Metaspace       used 74688K, committed 76416K, reserved 1179648K
  class space    used 9899K, committed 10752K, reserved 1048576K
}
Event: 6.537 GC heap before
{Heap before GC invocations=29 (full 0):
 garbage-first heap   total 124928K, used 109164K [0x0000000080000000, 0x0000000100000000)
  region size 1024K, 32 young (32768K), 2 survivors (2048K)
 Metaspace       used 78098K, committed 79872K, reserved 1179648K
  class space    used 10408K, committed 11264K, reserved 1048576K
}
Event: 6.540 GC heap after
{Heap after GC invocations=30 (full 0):
 garbage-first heap   total 150528K, used 81508K [0x0000000080000000, 0x0000000100000000)
  region size 1024K, 4 young (4096K), 4 survivors (4096K)
 Metaspace       used 78098K, committed 79872K, reserved 1179648K
  class space    used 10408K, committed 11264K, reserved 1048576K
}
Event: 6.852 GC heap before
{Heap before GC invocations=30 (full 0):
 garbage-first heap   total 150528K, used 128612K [0x0000000080000000, 0x0000000100000000)
  region size 1024K, 50 young (51200K), 4 survivors (4096K)
 Metaspace       used 81497K, committed 83392K, reserved 1179648K
  class space    used 10849K, committed 11776K, reserved 1048576K
}
Event: 6.856 GC heap after
{Heap after GC invocations=31 (full 0):
 garbage-first heap   total 150528K, used 82146K [0x0000000080000000, 0x0000000100000000)
  region size 1024K, 7 young (7168K), 7 survivors (7168K)
 Metaspace       used 81497K, committed 83392K, reserved 1179648K
  class space    used 10849K, committed 11776K, reserved 1048576K
}
Event: 7.298 GC heap before
{Heap before GC invocations=31 (full 0):
 garbage-first heap   total 150528K, used 133346K [0x0000000080000000, 0x0000000100000000)
  region size 1024K, 54 young (55296K), 7 survivors (7168K)
 Metaspace       used 86671K, committed 88512K, reserved 1179648K
  class space    used 11512K, committed 12416K, reserved 1048576K
}
Event: 7.301 GC heap after
{Heap after GC invocations=32 (full 0):
 garbage-first heap   total 150528K, used 89721K [0x0000000080000000, 0x0000000100000000)
  region size 1024K, 7 young (7168K), 7 survivors (7168K)
 Metaspace       used 86671K, committed 88512K, reserved 1179648K
  class space    used 11512K, committed 12416K, reserved 1048576K
}
Event: 7.583 GC heap before
{Heap before GC invocations=32 (full 0):
 garbage-first heap   total 150528K, used 124537K [0x0000000080000000, 0x0000000100000000)
  region size 1024K, 43 young (44032K), 7 survivors (7168K)
 Metaspace       used 89398K, committed 91264K, reserved 1179648K
  class space    used 11867K, committed 12800K, reserved 1048576K
}
Event: 7.589 GC heap after
{Heap after GC invocations=33 (full 0):
 garbage-first heap   total 150528K, used 91927K [0x0000000080000000, 0x0000000100000000)
  region size 1024K, 6 young (6144K), 6 survivors (6144K)
 Metaspace       used 89398K, committed 91264K, reserved 1179648K
  class space    used 11867K, committed 12800K, reserved 1048576K
}
Event: 8.961 GC heap before
{Heap before GC invocations=34 (full 0):
 garbage-first heap   total 162816K, used 140055K [0x0000000080000000, 0x0000000100000000)
  region size 1024K, 48 young (49152K), 6 survivors (6144K)
 Metaspace       used 90975K, committed 92928K, reserved 1179648K
  class space    used 11988K, committed 12992K, reserved 1048576K
}
Event: 8.965 GC heap after
{Heap after GC invocations=35 (full 0):
 garbage-first heap   total 162816K, used 98091K [0x0000000080000000, 0x0000000100000000)
  region size 1024K, 6 young (6144K), 6 survivors (6144K)
 Metaspace       used 90975K, committed 92928K, reserved 1179648K
  class space    used 11988K, committed 12992K, reserved 1048576K
}
Event: 9.369 GC heap before
{Heap before GC invocations=35 (full 0):
 garbage-first heap   total 162816K, used 146219K [0x0000000080000000, 0x0000000100000000)
  region size 1024K, 53 young (54272K), 6 survivors (6144K)
 Metaspace       used 94181K, committed 96128K, reserved 1179648K
  class space    used 12418K, committed 13440K, reserved 1048576K
}
Event: 9.373 GC heap after
{Heap after GC invocations=36 (full 0):
 garbage-first heap   total 162816K, used 101028K [0x0000000080000000, 0x0000000100000000)
  region size 1024K, 5 young (5120K), 5 survivors (5120K)
 Metaspace       used 94181K, committed 96128K, reserved 1179648K
  class space    used 12418K, committed 13440K, reserved 1048576K
}
Event: 9.382 GC heap before
{Heap before GC invocations=36 (full 0):
 garbage-first heap   total 162816K, used 102052K [0x0000000080000000, 0x0000000100000000)
  region size 1024K, 7 young (7168K), 5 survivors (5120K)
 Metaspace       used 94251K, committed 96256K, reserved 1179648K
  class space    used 12424K, committed 13440K, reserved 1048576K
}
Event: 9.384 GC heap after
{Heap after GC invocations=37 (full 0):
 garbage-first heap   total 162816K, used 100885K [0x0000000080000000, 0x0000000100000000)
  region size 1024K, 4 young (4096K), 4 survivors (4096K)
 Metaspace       used 94251K, committed 96256K, reserved 1179648K
  class space    used 12424K, committed 13440K, reserved 1048576K
}
Event: 10.876 GC heap before
{Heap before GC invocations=38 (full 0):
 garbage-first heap   total 171008K, used 149013K [0x0000000080000000, 0x0000000100000000)
  region size 1024K, 50 young (51200K), 4 survivors (4096K)
 Metaspace       used 98350K, committed 100352K, reserved 1179648K
  class space    used 13155K, committed 14144K, reserved 1048576K
}
Event: 10.879 GC heap after
{Heap after GC invocations=39 (full 0):
 garbage-first heap   total 171008K, used 102217K [0x0000000080000000, 0x0000000100000000)
  region size 1024K, 2 young (2048K), 2 survivors (2048K)
 Metaspace       used 98350K, committed 100352K, reserved 1179648K
  class space    used 13155K, committed 14144K, reserved 1048576K
}

