# JRE version: OpenJDK Runtime Environment (21.0.6) (build 21.0.6+-13368085-b895.109)
# Java VM: OpenJDK 64-Bit Server VM (21.0.6+-13368085-b895.109, mixed mode, tiered, compressed oops, compressed class ptrs, g1 gc, windows-amd64)
GC Precious Log:
 CardTable entry size: 512
 Card Set container configuration: InlinePtr #cards 5 size 8 Array Of Cards #cards 12 size 40 Howl #buckets 4 coarsen threshold 1843 Howl Bitmap #cards 512 size 80 coarsen threshold 460 Card regions per heap region 1 cards per card region 2048
 CPUs: 12 total, 12 available
 Memory: 15751M
 Large Page Support: Disabled
 NUMA Support: Disabled
 Compressed Oops: Enabled (32-bit)
 Heap Region Size: 1M
 Heap Min Capacity: 8M
 Heap Initial Capacity: 248M
 Heap Max Capacity: 2G
 Pre-touch: Disabled
 Parallel Workers: 10
 Concurrent Workers: 3
 Concurrent Refinement Workers: 10
 Periodic GC: Disabled
Heap:
 garbage-first heap   total 236544K, used 137833K [0x0000000080000000, 0x0000000100000000)
  region size 1024K, 3 young (3072K), 3 survivors (3072K)
 Metaspace       used 98060K, committed 100096K, reserved 1179648K
  class space    used 13024K, committed 14016K, reserved 1048576K
GC Heap History (20 events):
Event: 6.022 GC heap after
{Heap after GC invocations=28 (full 0):
 garbage-first heap   total 178176K, used 98792K [0x0000000080000000, 0x0000000100000000)
  region size 1024K, 9 young (9216K), 9 survivors (9216K)
 Metaspace       used 72311K, committed 74176K, reserved 1114112K
  class space    used 9778K, committed 10688K, reserved 1048576K
}
Event: 6.038 GC heap before
{Heap before GC invocations=28 (full 0):
 garbage-first heap   total 178176K, used 103912K [0x0000000080000000, 0x0000000100000000)
  region size 1024K, 11 young (11264K), 9 survivors (9216K)
 Metaspace       used 72311K, committed 74176K, reserved 1114112K
  class space    used 9778K, committed 10688K, reserved 1048576K
}
Event: 6.041 GC heap after
{Heap after GC invocations=29 (full 0):
 garbage-first heap   total 178176K, used 104596K [0x0000000080000000, 0x0000000100000000)
  region size 1024K, 2 young (2048K), 2 survivors (2048K)
 Metaspace       used 72311K, committed 74176K, reserved 1114112K
  class space    used 9778K, committed 10688K, reserved 1048576K
}
Event: 6.375 GC heap before
{Heap before GC invocations=30 (full 0):
 garbage-first heap   total 179200K, used 142484K [0x0000000080000000, 0x0000000100000000)
  region size 1024K, 34 young (34816K), 2 survivors (2048K)
 Metaspace       used 74745K, committed 76544K, reserved 1179648K
  class space    used 10081K, committed 10944K, reserved 1048576K
}
Event: 6.377 GC heap after
{Heap after GC invocations=31 (full 0):
 garbage-first heap   total 179200K, used 112687K [0x0000000080000000, 0x0000000100000000)
  region size 1024K, 5 young (5120K), 5 survivors (5120K)
 Metaspace       used 74745K, committed 76544K, reserved 1179648K
  class space    used 10081K, committed 10944K, reserved 1048576K
}
Event: 6.646 GC heap before
{Heap before GC invocations=31 (full 0):
 garbage-first heap   total 179200K, used 144431K [0x0000000080000000, 0x0000000100000000)
  region size 1024K, 37 young (37888K), 5 survivors (5120K)
 Metaspace       used 78488K, committed 80320K, reserved 1179648K
  class space    used 10461K, committed 11392K, reserved 1048576K
}
Event: 6.648 GC heap after
{Heap after GC invocations=32 (full 0):
 garbage-first heap   total 179200K, used 112738K [0x0000000080000000, 0x0000000100000000)
  region size 1024K, 1 young (1024K), 1 survivors (1024K)
 Metaspace       used 78488K, committed 80320K, reserved 1179648K
  class space    used 10461K, committed 11392K, reserved 1048576K
}
Event: 6.917 GC heap before
{Heap before GC invocations=32 (full 0):
 garbage-first heap   total 179200K, used 148578K [0x0000000080000000, 0x0000000100000000)
  region size 1024K, 36 young (36864K), 1 survivors (1024K)
 Metaspace       used 82590K, committed 84608K, reserved 1179648K
  class space    used 11013K, committed 12032K, reserved 1048576K
}
Event: 6.920 GC heap after
{Heap after GC invocations=33 (full 0):
 garbage-first heap   total 179200K, used 113957K [0x0000000080000000, 0x0000000100000000)
  region size 1024K, 3 young (3072K), 3 survivors (3072K)
 Metaspace       used 82590K, committed 84608K, reserved 1179648K
  class space    used 11013K, committed 12032K, reserved 1048576K
}
Event: 7.178 GC heap before
{Heap before GC invocations=34 (full 0):
 garbage-first heap   total 193536K, used 156965K [0x0000000080000000, 0x0000000100000000)
  region size 1024K, 40 young (40960K), 3 survivors (3072K)
 Metaspace       used 85502K, committed 87424K, reserved 1179648K
  class space    used 11391K, committed 12352K, reserved 1048576K
}
Event: 7.181 GC heap after
{Heap after GC invocations=35 (full 0):
 garbage-first heap   total 193536K, used 119634K [0x0000000080000000, 0x0000000100000000)
  region size 1024K, 5 young (5120K), 5 survivors (5120K)
 Metaspace       used 85502K, committed 87424K, reserved 1179648K
  class space    used 11391K, committed 12352K, reserved 1048576K
}
Event: 7.543 GC heap before
{Heap before GC invocations=35 (full 0):
 garbage-first heap   total 193536K, used 165714K [0x0000000080000000, 0x0000000100000000)
  region size 1024K, 50 young (51200K), 5 survivors (5120K)
 Metaspace       used 90054K, committed 92032K, reserved 1179648K
  class space    used 11962K, committed 12928K, reserved 1048576K
}
Event: 7.547 GC heap after
{Heap after GC invocations=36 (full 0):
 garbage-first heap   total 193536K, used 121722K [0x0000000080000000, 0x0000000100000000)
  region size 1024K, 6 young (6144K), 6 survivors (6144K)
 Metaspace       used 90054K, committed 92032K, reserved 1179648K
  class space    used 11962K, committed 12928K, reserved 1048576K
}
Event: 7.575 GC heap before
{Heap before GC invocations=36 (full 0):
 garbage-first heap   total 193536K, used 124794K [0x0000000080000000, 0x0000000100000000)
  region size 1024K, 10 young (10240K), 6 survivors (6144K)
 Metaspace       used 90336K, committed 92288K, reserved 1179648K
  class space    used 12009K, committed 12992K, reserved 1048576K
}
Event: 7.578 GC heap after
{Heap after GC invocations=37 (full 0):
 garbage-first heap   total 193536K, used 122209K [0x0000000080000000, 0x0000000100000000)
  region size 1024K, 3 young (3072K), 3 survivors (3072K)
 Metaspace       used 90336K, committed 92288K, reserved 1179648K
  class space    used 12009K, committed 12992K, reserved 1048576K
}
Event: 7.979 GC heap before
{Heap before GC invocations=38 (full 0):
 garbage-first heap   total 211968K, used 176481K [0x0000000080000000, 0x0000000100000000)
  region size 1024K, 52 young (53248K), 3 survivors (3072K)
 Metaspace       used 94150K, committed 96192K, reserved 1179648K
  class space    used 12500K, committed 13504K, reserved 1048576K
}
Event: 7.983 GC heap after
{Heap after GC invocations=39 (full 0):
 garbage-first heap   total 211968K, used 129536K [0x0000000080000000, 0x0000000100000000)
  region size 1024K, 7 young (7168K), 7 survivors (7168K)
 Metaspace       used 94150K, committed 96192K, reserved 1179648K
  class space    used 12500K, committed 13504K, reserved 1048576K
}
Event: 8.293 GC heap before
{Heap before GC invocations=39 (full 0):
 garbage-first heap   total 211968K, used 186880K [0x0000000080000000, 0x0000000100000000)
  region size 1024K, 63 young (64512K), 7 survivors (7168K)
 Metaspace       used 95313K, committed 97344K, reserved 1179648K
  class space    used 12648K, committed 13632K, reserved 1048576K
}
Event: 8.299 GC heap after
{Heap after GC invocations=40 (full 0):
 garbage-first heap   total 211968K, used 134880K [0x0000000080000000, 0x0000000100000000)
  region size 1024K, 8 young (8192K), 8 survivors (8192K)
 Metaspace       used 95313K, committed 97344K, reserved 1179648K
  class space    used 12648K, committed 13632K, reserved 1048576K
}
Event: 8.534 GC heap before
{Heap before GC invocations=40 (full 0):
 garbage-first heap   total 211968K, used 167648K [0x0000000080000000, 0x0000000100000000)
  region size 1024K, 41 young (41984K), 8 survivors (8192K)
 Metaspace       used 98060K, committed 100096K, reserved 1179648K
  class space    used 13024K, committed 14016K, reserved 1048576K
}

