# JRE version: OpenJDK Runtime Environment (21.0.6) (build 21.0.6+-13368085-b895.109)
# Java VM: OpenJDK 64-Bit Server VM (21.0.6+-13368085-b895.109, mixed mode, tiered, compressed oops, compressed class ptrs, g1 gc, windows-amd64)
GC Precious Log:
 CardTable entry size: 512
 Card Set container configuration: InlinePtr #cards 5 size 8 Array Of Cards #cards 12 size 40 Howl #buckets 4 coarsen threshold 1843 Howl Bitmap #cards 512 size 80 coarsen threshold 460 Card regions per heap region 1 cards per card region 2048
 CPUs: 12 total, 12 available
 Memory: 15751M
 Large Page Support: Disabled
 NUMA Support: Disabled
 Compressed Oops: Enabled (32-bit)
 Heap Region Size: 1M
 Heap Min Capacity: 8M
 Heap Initial Capacity: 248M
 Heap Max Capacity: 2G
 Pre-touch: Disabled
 Parallel Workers: 10
 Concurrent Workers: 3
 Concurrent Refinement Workers: 10
 Periodic GC: Disabled
Heap:
 garbage-first heap   total 250880K, used 177968K [0x0000000080000000, 0x0000000100000000)
  region size 1024K, 15 young (15360K), 9 survivors (9216K)
 Metaspace       used 116974K, committed 119104K, reserved 1179648K
  class space    used 15794K, committed 16832K, reserved 1048576K
GC Heap History (20 events):
Event: 8.577 GC heap before
{Heap before GC invocations=27 (full 0):
 garbage-first heap   total 148480K, used 133805K [0x0000000080000000, 0x0000000100000000)
  region size 1024K, 46 young (47104K), 4 survivors (4096K)
 Metaspace       used 78217K, committed 80000K, reserved 1179648K
  class space    used 10503K, committed 11392K, reserved 1048576K
}
Event: 8.580 GC heap after
{Heap after GC invocations=28 (full 0):
 garbage-first heap   total 183296K, used 93084K [0x0000000080000000, 0x0000000100000000)
  region size 1024K, 4 young (4096K), 4 survivors (4096K)
 Metaspace       used 78217K, committed 80000K, reserved 1179648K
  class space    used 10503K, committed 11392K, reserved 1048576K
}
Event: 9.272 GC heap before
{Heap before GC invocations=29 (full 0):
 garbage-first heap   total 183296K, used 176028K [0x0000000080000000, 0x0000000100000000)
  region size 1024K, 75 young (76800K), 4 survivors (4096K)
 Metaspace       used 83026K, committed 84864K, reserved 1179648K
  class space    used 11571K, committed 12480K, reserved 1048576K
}
Event: 9.276 GC heap after
{Heap after GC invocations=30 (full 0):
 garbage-first heap   total 189440K, used 111287K [0x0000000080000000, 0x0000000100000000)
  region size 1024K, 10 young (10240K), 10 survivors (10240K)
 Metaspace       used 83026K, committed 84864K, reserved 1179648K
  class space    used 11571K, committed 12480K, reserved 1048576K
}
Event: 9.801 GC heap before
{Heap before GC invocations=30 (full 0):
 garbage-first heap   total 189440K, used 171703K [0x0000000080000000, 0x0000000100000000)
  region size 1024K, 65 young (66560K), 10 survivors (10240K)
 Metaspace       used 88571K, committed 90432K, reserved 1179648K
  class space    used 12204K, committed 13120K, reserved 1048576K
}
Event: 9.804 GC heap after
{Heap after GC invocations=31 (full 0):
 garbage-first heap   total 189440K, used 117424K [0x0000000080000000, 0x0000000100000000)
  region size 1024K, 4 young (4096K), 4 survivors (4096K)
 Metaspace       used 88571K, committed 90432K, reserved 1179648K
  class space    used 12204K, committed 13120K, reserved 1048576K
}
Event: 10.229 GC heap before
{Heap before GC invocations=31 (full 0):
 garbage-first heap   total 189440K, used 170672K [0x0000000080000000, 0x0000000100000000)
  region size 1024K, 56 young (57344K), 4 survivors (4096K)
 Metaspace       used 94499K, committed 96448K, reserved 1179648K
  class space    used 12944K, committed 13888K, reserved 1048576K
}
Event: 10.233 GC heap after
{Heap after GC invocations=32 (full 0):
 garbage-first heap   total 189440K, used 120258K [0x0000000080000000, 0x0000000100000000)
  region size 1024K, 6 young (6144K), 6 survivors (6144K)
 Metaspace       used 94499K, committed 96448K, reserved 1179648K
  class space    used 12944K, committed 13888K, reserved 1048576K
}
Event: 10.580 GC heap before
{Heap before GC invocations=33 (full 0):
 garbage-first heap   total 208896K, used 176578K [0x0000000080000000, 0x0000000100000000)
  region size 1024K, 56 young (57344K), 6 survivors (6144K)
 Metaspace       used 97459K, committed 99456K, reserved 1179648K
  class space    used 13351K, committed 14336K, reserved 1048576K
}
Event: 10.584 GC heap after
{Heap after GC invocations=34 (full 0):
 garbage-first heap   total 208896K, used 125700K [0x0000000080000000, 0x0000000100000000)
  region size 1024K, 7 young (7168K), 7 survivors (7168K)
 Metaspace       used 97459K, committed 99456K, reserved 1179648K
  class space    used 13351K, committed 14336K, reserved 1048576K
}
Event: 11.243 GC heap before
{Heap before GC invocations=34 (full 0):
 garbage-first heap   total 208896K, used 194308K [0x0000000080000000, 0x0000000100000000)
  region size 1024K, 70 young (71680K), 7 survivors (7168K)
 Metaspace       used 103778K, committed 105856K, reserved 1179648K
  class space    used 14160K, committed 15232K, reserved 1048576K
}
Event: 11.248 GC heap after
{Heap after GC invocations=35 (full 0):
 garbage-first heap   total 208896K, used 133807K [0x0000000080000000, 0x0000000100000000)
  region size 1024K, 5 young (5120K), 5 survivors (5120K)
 Metaspace       used 103778K, committed 105856K, reserved 1179648K
  class space    used 14160K, committed 15232K, reserved 1048576K
}
Event: 11.582 GC heap before
{Heap before GC invocations=35 (full 0):
 garbage-first heap   total 208896K, used 191151K [0x0000000080000000, 0x0000000100000000)
  region size 1024K, 61 young (62464K), 5 survivors (5120K)
 Metaspace       used 105465K, committed 107584K, reserved 1179648K
  class space    used 14392K, committed 15424K, reserved 1048576K
}
Event: 11.587 GC heap after
{Heap after GC invocations=36 (full 0):
 garbage-first heap   total 208896K, used 141000K [0x0000000080000000, 0x0000000100000000)
  region size 1024K, 8 young (8192K), 8 survivors (8192K)
 Metaspace       used 105465K, committed 107584K, reserved 1179648K
  class space    used 14392K, committed 15424K, reserved 1048576K
}
Event: 12.028 GC heap before
{Heap before GC invocations=37 (full 0):
 garbage-first heap   total 235520K, used 188104K [0x0000000080000000, 0x0000000100000000)
  region size 1024K, 54 young (55296K), 8 survivors (8192K)
 Metaspace       used 111193K, committed 113280K, reserved 1179648K
  class space    used 15100K, committed 16128K, reserved 1048576K
}
Event: 12.033 GC heap after
{Heap after GC invocations=38 (full 0):
 garbage-first heap   total 235520K, used 143842K [0x0000000080000000, 0x0000000100000000)
  region size 1024K, 4 young (4096K), 4 survivors (4096K)
 Metaspace       used 111193K, committed 113280K, reserved 1179648K
  class space    used 15100K, committed 16128K, reserved 1048576K
}
Event: 12.671 GC heap before
{Heap before GC invocations=38 (full 0):
 garbage-first heap   total 235520K, used 228834K [0x0000000080000000, 0x0000000100000000)
  region size 1024K, 71 young (72704K), 4 survivors (4096K)
 Metaspace       used 116850K, committed 119040K, reserved 1179648K
  class space    used 15778K, committed 16832K, reserved 1048576K
}
Event: 12.681 GC heap after
{Heap after GC invocations=39 (full 0):
 garbage-first heap   total 247808K, used 162375K [0x0000000080000000, 0x0000000100000000)
  region size 1024K, 9 young (9216K), 9 survivors (9216K)
 Metaspace       used 116850K, committed 119040K, reserved 1179648K
  class space    used 15778K, committed 16832K, reserved 1048576K
}
Event: 12.807 GC heap before
{Heap before GC invocations=39 (full 0):
 garbage-first heap   total 247808K, used 222791K [0x0000000080000000, 0x0000000100000000)
  region size 1024K, 68 young (69632K), 9 survivors (9216K)
 Metaspace       used 116869K, committed 119040K, reserved 1179648K
  class space    used 15778K, committed 16832K, reserved 1048576K
}
Event: 12.821 GC heap after
{Heap after GC invocations=40 (full 0):
 garbage-first heap   total 250880K, used 173872K [0x0000000080000000, 0x0000000100000000)
  region size 1024K, 9 young (9216K), 9 survivors (9216K)
 Metaspace       used 116869K, committed 119040K, reserved 1179648K
  class space    used 15778K, committed 16832K, reserved 1048576K
}

