# JRE version: OpenJDK Runtime Environment (21.0.6) (build 21.0.6+-13368085-b895.109)
# Java VM: OpenJDK 64-Bit Server VM (21.0.6+-13368085-b895.109, mixed mode, tiered, compressed oops, compressed class ptrs, g1 gc, windows-amd64)
GC Precious Log:
 CardTable entry size: 512
 Card Set container configuration: InlinePtr #cards 4 size 8 Array Of Cards #cards 16 size 48 Howl #buckets 8 coarsen threshold 3686 Howl Bitmap #cards 512 size 80 coarsen threshold 460 Card regions per heap region 1 cards per card region 4096
 CPUs: 12 total, 12 available
 Memory: 15751M
 Large Page Support: Disabled
 NUMA Support: Disabled
 Compressed Oops: Enabled (Zero based)
 Heap Region Size: 2M
 Heap Min Capacity: 8M
 Heap Initial Capacity: 248M
 Heap Max Capacity: 3938M
 Pre-touch: Disabled
 Parallel Workers: 10
 Concurrent Workers: 3
 Concurrent Refinement Workers: 10
 Periodic GC: Disabled
Heap:
 garbage-first heap   total 192512K, used 129024K [0x0000000709e00000, 0x0000000800000000)
  region size 2048K, 34 young (69632K), 4 survivors (8192K)
 Metaspace       used 67512K, committed 67840K, reserved 1114112K
  class space    used 7395K, committed 7552K, reserved 1048576K
GC Heap History (20 events):
Event: 0.898 GC heap before
{Heap before GC invocations=1 (full 0):
 garbage-first heap   total 253952K, used 31669K [0x0000000709e00000, 0x0000000800000000)
  region size 2048K, 15 young (30720K), 2 survivors (4096K)
 Metaspace       used 21360K, committed 21504K, reserved 1114112K
  class space    used 2173K, committed 2240K, reserved 1048576K
}
Event: 0.902 GC heap after
{Heap after GC invocations=2 (full 0):
 garbage-first heap   total 253952K, used 8497K [0x0000000709e00000, 0x0000000800000000)
  region size 2048K, 3 young (6144K), 3 survivors (6144K)
 Metaspace       used 21360K, committed 21504K, reserved 1114112K
  class space    used 2173K, committed 2240K, reserved 1048576K
}
Event: 1.172 GC heap before
{Heap before GC invocations=3 (full 0):
 garbage-first heap   total 34816K, used 33073K [0x0000000709e00000, 0x0000000800000000)
  region size 2048K, 15 young (30720K), 3 survivors (6144K)
 Metaspace       used 25204K, committed 25536K, reserved 1114112K
  class space    used 2656K, committed 2816K, reserved 1048576K
}
Event: 1.181 GC heap after
{Heap after GC invocations=4 (full 0):
 garbage-first heap   total 49152K, used 16778K [0x0000000709e00000, 0x0000000800000000)
  region size 2048K, 7 young (14336K), 7 survivors (14336K)
 Metaspace       used 25204K, committed 25536K, reserved 1114112K
  class space    used 2656K, committed 2816K, reserved 1048576K
}
Event: 1.335 GC heap before
{Heap before GC invocations=4 (full 0):
 garbage-first heap   total 49152K, used 29066K [0x0000000709e00000, 0x0000000800000000)
  region size 2048K, 13 young (26624K), 7 survivors (14336K)
 Metaspace       used 27928K, committed 28160K, reserved 1114112K
  class space    used 2978K, committed 3072K, reserved 1048576K
}
Event: 1.343 GC heap after
{Heap after GC invocations=5 (full 0):
 garbage-first heap   total 49152K, used 17089K [0x0000000709e00000, 0x0000000800000000)
  region size 2048K, 1 young (2048K), 1 survivors (2048K)
 Metaspace       used 27928K, committed 28160K, reserved 1114112K
  class space    used 2978K, committed 3072K, reserved 1048576K
}
Event: 1.650 GC heap before
{Heap before GC invocations=5 (full 0):
 garbage-first heap   total 49152K, used 35521K [0x0000000709e00000, 0x0000000800000000)
  region size 2048K, 10 young (20480K), 1 survivors (2048K)
 Metaspace       used 33721K, committed 33920K, reserved 1114112K
  class space    used 4087K, committed 4160K, reserved 1048576K
}
Event: 1.653 GC heap after
{Heap after GC invocations=6 (full 0):
 garbage-first heap   total 49152K, used 18021K [0x0000000709e00000, 0x0000000800000000)
  region size 2048K, 2 young (4096K), 2 survivors (4096K)
 Metaspace       used 33721K, committed 33920K, reserved 1114112K
  class space    used 4087K, committed 4160K, reserved 1048576K
}
Event: 1.770 GC heap before
{Heap before GC invocations=6 (full 0):
 garbage-first heap   total 49152K, used 26213K [0x0000000709e00000, 0x0000000800000000)
  region size 2048K, 7 young (14336K), 2 survivors (4096K)
 Metaspace       used 35729K, committed 35968K, reserved 1114112K
  class space    used 4290K, committed 4352K, reserved 1048576K
}
Event: 1.773 GC heap after
{Heap after GC invocations=7 (full 0):
 garbage-first heap   total 49152K, used 19057K [0x0000000709e00000, 0x0000000800000000)
  region size 2048K, 2 young (4096K), 2 survivors (4096K)
 Metaspace       used 35729K, committed 35968K, reserved 1114112K
  class space    used 4290K, committed 4352K, reserved 1048576K
}
Event: 1.971 GC heap before
{Heap before GC invocations=8 (full 0):
 garbage-first heap   total 49152K, used 33393K [0x0000000709e00000, 0x0000000800000000)
  region size 2048K, 10 young (20480K), 2 survivors (4096K)
 Metaspace       used 39880K, committed 40192K, reserved 1114112K
  class space    used 4698K, committed 4864K, reserved 1048576K
}
Event: 1.975 GC heap after
{Heap after GC invocations=9 (full 0):
 garbage-first heap   total 151552K, used 19668K [0x0000000709e00000, 0x0000000800000000)
  region size 2048K, 2 young (4096K), 2 survivors (4096K)
 Metaspace       used 39880K, committed 40192K, reserved 1114112K
  class space    used 4698K, committed 4864K, reserved 1048576K
}
Event: 2.942 GC heap before
{Heap before GC invocations=9 (full 0):
 garbage-first heap   total 151552K, used 103636K [0x0000000709e00000, 0x0000000800000000)
  region size 2048K, 44 young (90112K), 2 survivors (4096K)
 Metaspace       used 51672K, committed 51968K, reserved 1114112K
  class space    used 5944K, committed 6080K, reserved 1048576K
}
Event: 2.967 GC heap after
{Heap after GC invocations=10 (full 0):
 garbage-first heap   total 151552K, used 37220K [0x0000000709e00000, 0x0000000800000000)
  region size 2048K, 6 young (12288K), 6 survivors (12288K)
 Metaspace       used 51672K, committed 51968K, reserved 1114112K
  class space    used 5944K, committed 6080K, reserved 1048576K
}
Event: 3.390 GC heap before
{Heap before GC invocations=10 (full 0):
 garbage-first heap   total 151552K, used 92516K [0x0000000709e00000, 0x0000000800000000)
  region size 2048K, 33 young (67584K), 6 survivors (12288K)
 Metaspace       used 53455K, committed 53824K, reserved 1114112K
  class space    used 6138K, committed 6272K, reserved 1048576K
}
Event: 3.412 GC heap after
{Heap after GC invocations=11 (full 0):
 garbage-first heap   total 151552K, used 51200K [0x0000000709e00000, 0x0000000800000000)
  region size 2048K, 5 young (10240K), 5 survivors (10240K)
 Metaspace       used 53455K, committed 53824K, reserved 1114112K
  class space    used 6138K, committed 6272K, reserved 1048576K
}
Event: 4.173 GC heap before
{Heap before GC invocations=11 (full 0):
 garbage-first heap   total 151552K, used 102400K [0x0000000709e00000, 0x0000000800000000)
  region size 2048K, 30 young (61440K), 5 survivors (10240K)
 Metaspace       used 57074K, committed 57344K, reserved 1114112K
  class space    used 6469K, committed 6592K, reserved 1048576K
}
Event: 4.196 GC heap after
{Heap after GC invocations=12 (full 0):
 garbage-first heap   total 151552K, used 62265K [0x0000000709e00000, 0x0000000800000000)
  region size 2048K, 4 young (8192K), 4 survivors (8192K)
 Metaspace       used 57074K, committed 57344K, reserved 1114112K
  class space    used 6469K, committed 6592K, reserved 1048576K
}
Event: 4.669 GC heap before
{Heap before GC invocations=12 (full 0):
 garbage-first heap   total 151552K, used 99129K [0x0000000709e00000, 0x0000000800000000)
  region size 2048K, 23 young (47104K), 4 survivors (8192K)
 Metaspace       used 59861K, committed 60160K, reserved 1114112K
  class space    used 6714K, committed 6848K, reserved 1048576K
}
Event: 4.685 GC heap after
{Heap after GC invocations=13 (full 0):
 garbage-first heap   total 192512K, used 71680K [0x0000000709e00000, 0x0000000800000000)
  region size 2048K, 4 young (8192K), 4 survivors (8192K)
 Metaspace       used 59861K, committed 60160K, reserved 1114112K
  class space    used 6714K, committed 6848K, reserved 1048576K
}

