# JRE version: OpenJDK Runtime Environment (21.0.6) (build 21.0.6+-13368085-b895.109)
# Java VM: OpenJDK 64-Bit Server VM (21.0.6+-13368085-b895.109, mixed mode, tiered, compressed oops, compressed class ptrs, g1 gc, windows-amd64)
GC Precious Log:
 CardTable entry size: 512
 Card Set container configuration: InlinePtr #cards 5 size 8 Array Of Cards #cards 12 size 40 Howl #buckets 4 coarsen threshold 1843 Howl Bitmap #cards 512 size 80 coarsen threshold 460 Card regions per heap region 1 cards per card region 2048
 CPUs: 12 total, 12 available
 Memory: 15751M
 Large Page Support: Disabled
 NUMA Support: Disabled
 Compressed Oops: Enabled (32-bit)
 Heap Region Size: 1M
 Heap Min Capacity: 8M
 Heap Initial Capacity: 248M
 Heap Max Capacity: 2G
 Pre-touch: Disabled
 Parallel Workers: 10
 Concurrent Workers: 3
 Concurrent Refinement Workers: 10
 Periodic GC: Disabled
Heap:
 garbage-first heap   total 217088K, used 179585K [0x0000000080000000, 0x0000000100000000)
  region size 1024K, 51 young (52224K), 6 survivors (6144K)
 Metaspace       used 98500K, committed 100672K, reserved 1179648K
  class space    used 13067K, committed 14144K, reserved 1048576K
GC Heap History (20 events):
Event: 5.836 GC heap before
{Heap before GC invocations=23 (full 0):
 garbage-first heap   total 141312K, used 125952K [0x0000000080000000, 0x0000000100000000)
  region size 1024K, 46 young (47104K), 6 survivors (6144K)
 Metaspace       used 71506K, committed 73344K, reserved 1114112K
  class space    used 9692K, committed 10560K, reserved 1048576K
}
Event: 5.840 GC heap after
{Heap after GC invocations=24 (full 0):
 garbage-first heap   total 141312K, used 87318K [0x0000000080000000, 0x0000000100000000)
  region size 1024K, 4 young (4096K), 4 survivors (4096K)
 Metaspace       used 71506K, committed 73344K, reserved 1114112K
  class space    used 9692K, committed 10560K, reserved 1048576K
}
Event: 5.912 GC heap before
{Heap before GC invocations=24 (full 0):
 garbage-first heap   total 141312K, used 126230K [0x0000000080000000, 0x0000000100000000)
  region size 1024K, 43 young (44032K), 4 survivors (4096K)
 Metaspace       used 71618K, committed 73408K, reserved 1114112K
  class space    used 9692K, committed 10560K, reserved 1048576K
}
Event: 5.914 GC heap after
{Heap after GC invocations=25 (full 0):
 garbage-first heap   total 141312K, used 88613K [0x0000000080000000, 0x0000000100000000)
  region size 1024K, 4 young (4096K), 4 survivors (4096K)
 Metaspace       used 71618K, committed 73408K, reserved 1114112K
  class space    used 9692K, committed 10560K, reserved 1048576K
}
Event: 6.016 GC heap before
{Heap before GC invocations=26 (full 0):
 garbage-first heap   total 148480K, used 127525K [0x0000000080000000, 0x0000000100000000)
  region size 1024K, 43 young (44032K), 4 survivors (4096K)
 Metaspace       used 71635K, committed 73408K, reserved 1114112K
  class space    used 9692K, committed 10560K, reserved 1048576K
}
Event: 6.019 GC heap after
{Heap after GC invocations=27 (full 0):
 garbage-first heap   total 148480K, used 89524K [0x0000000080000000, 0x0000000100000000)
  region size 1024K, 4 young (4096K), 4 survivors (4096K)
 Metaspace       used 71635K, committed 73408K, reserved 1114112K
  class space    used 9692K, committed 10560K, reserved 1048576K
}
Event: 6.350 GC heap before
{Heap before GC invocations=27 (full 0):
 garbage-first heap   total 148480K, used 145844K [0x0000000080000000, 0x0000000100000000)
  region size 1024K, 46 young (47104K), 4 survivors (4096K)
 Metaspace       used 72623K, committed 74432K, reserved 1114112K
  class space    used 9821K, committed 10688K, reserved 1048576K
}
Event: 6.354 GC heap after
{Heap after GC invocations=28 (full 0):
 garbage-first heap   total 192512K, used 109373K [0x0000000080000000, 0x0000000100000000)
  region size 1024K, 6 young (6144K), 6 survivors (6144K)
 Metaspace       used 72623K, committed 74432K, reserved 1114112K
  class space    used 9821K, committed 10688K, reserved 1048576K
}
Event: 6.456 GC heap before
{Heap before GC invocations=28 (full 0):
 garbage-first heap   total 192512K, used 119613K [0x0000000080000000, 0x0000000100000000)
  region size 1024K, 18 young (18432K), 6 survivors (6144K)
 Metaspace       used 73536K, committed 75392K, reserved 1114112K
  class space    used 9918K, committed 10816K, reserved 1048576K
}
Event: 6.459 GC heap after
{Heap after GC invocations=29 (full 0):
 garbage-first heap   total 192512K, used 110036K [0x0000000080000000, 0x0000000100000000)
  region size 1024K, 2 young (2048K), 2 survivors (2048K)
 Metaspace       used 73536K, committed 75392K, reserved 1114112K
  class space    used 9918K, committed 10816K, reserved 1048576K
}
Event: 6.936 GC heap before
{Heap before GC invocations=30 (full 0):
 garbage-first heap   total 192512K, used 171476K [0x0000000080000000, 0x0000000100000000)
  region size 1024K, 61 young (62464K), 2 survivors (2048K)
 Metaspace       used 80111K, committed 81984K, reserved 1179648K
  class space    used 10601K, committed 11520K, reserved 1048576K
}
Event: 6.938 GC heap after
{Heap after GC invocations=31 (full 0):
 garbage-first heap   total 192512K, used 112490K [0x0000000080000000, 0x0000000100000000)
  region size 1024K, 3 young (3072K), 3 survivors (3072K)
 Metaspace       used 80111K, committed 81984K, reserved 1179648K
  class space    used 10601K, committed 11520K, reserved 1048576K
}
Event: 7.378 GC heap before
{Heap before GC invocations=31 (full 0):
 garbage-first heap   total 192512K, used 179050K [0x0000000080000000, 0x0000000100000000)
  region size 1024K, 63 young (64512K), 3 survivors (3072K)
 Metaspace       used 85659K, committed 87680K, reserved 1179648K
  class space    used 11384K, committed 12352K, reserved 1048576K
}
Event: 7.381 GC heap after
{Heap after GC invocations=32 (full 0):
 garbage-first heap   total 192512K, used 118759K [0x0000000080000000, 0x0000000100000000)
  region size 1024K, 8 young (8192K), 8 survivors (8192K)
 Metaspace       used 85659K, committed 87680K, reserved 1179648K
  class space    used 11384K, committed 12352K, reserved 1048576K
}
Event: 7.845 GC heap before
{Heap before GC invocations=32 (full 0):
 garbage-first heap   total 192512K, used 178151K [0x0000000080000000, 0x0000000100000000)
  region size 1024K, 62 young (63488K), 8 survivors (8192K)
 Metaspace       used 91022K, committed 93120K, reserved 1179648K
  class space    used 12077K, committed 13120K, reserved 1048576K
}
Event: 7.850 GC heap after
{Heap after GC invocations=33 (full 0):
 garbage-first heap   total 192512K, used 126013K [0x0000000080000000, 0x0000000100000000)
  region size 1024K, 4 young (4096K), 4 survivors (4096K)
 Metaspace       used 91022K, committed 93120K, reserved 1179648K
  class space    used 12077K, committed 13120K, reserved 1048576K
}
Event: 8.209 GC heap before
{Heap before GC invocations=33 (full 0):
 garbage-first heap   total 192512K, used 177213K [0x0000000080000000, 0x0000000100000000)
  region size 1024K, 54 young (55296K), 4 survivors (4096K)
 Metaspace       used 94551K, committed 96640K, reserved 1179648K
  class space    used 12535K, committed 13568K, reserved 1048576K
}
Event: 8.213 GC heap after
{Heap after GC invocations=34 (full 0):
 garbage-first heap   total 192512K, used 129660K [0x0000000080000000, 0x0000000100000000)
  region size 1024K, 7 young (7168K), 7 survivors (7168K)
 Metaspace       used 94551K, committed 96640K, reserved 1179648K
  class space    used 12535K, committed 13568K, reserved 1048576K
}
Event: 8.418 GC heap before
{Heap before GC invocations=35 (full 0):
 garbage-first heap   total 217088K, used 172668K [0x0000000080000000, 0x0000000100000000)
  region size 1024K, 49 young (50176K), 7 survivors (7168K)
 Metaspace       used 94861K, committed 96960K, reserved 1179648K
  class space    used 12586K, committed 13632K, reserved 1048576K
}
Event: 8.423 GC heap after
{Heap after GC invocations=36 (full 0):
 garbage-first heap   total 217088K, used 135553K [0x0000000080000000, 0x0000000100000000)
  region size 1024K, 6 young (6144K), 6 survivors (6144K)
 Metaspace       used 94861K, committed 96960K, reserved 1179648K
  class space    used 12586K, committed 13632K, reserved 1048576K
}

