# JRE version: OpenJDK Runtime Environment (21.0.6) (build 21.0.6+-13368085-b895.109)
# Java VM: OpenJDK 64-Bit Server VM (21.0.6+-13368085-b895.109, mixed mode, tiered, compressed oops, compressed class ptrs, g1 gc, windows-amd64)
GC Precious Log:
 CardTable entry size: 512
 Card Set container configuration: InlinePtr #cards 5 size 8 Array Of Cards #cards 12 size 40 Howl #buckets 4 coarsen threshold 1843 Howl Bitmap #cards 512 size 80 coarsen threshold 460 Card regions per heap region 1 cards per card region 2048
 CPUs: 12 total, 12 available
 Memory: 15751M
 Large Page Support: Disabled
 NUMA Support: Disabled
 Compressed Oops: Enabled (32-bit)
 Heap Region Size: 1M
 Heap Min Capacity: 8M
 Heap Initial Capacity: 248M
 Heap Max Capacity: 2G
 Pre-touch: Disabled
 Parallel Workers: 10
 Concurrent Workers: 3
 Concurrent Refinement Workers: 10
 Periodic GC: Disabled
Heap:
 garbage-first heap   total 254976K, used 180460K [0x0000000080000000, 0x0000000100000000)
  region size 1024K, 54 young (55296K), 10 survivors (10240K)
 Metaspace       used 122898K, committed 125312K, reserved 1179648K
  class space    used 16482K, committed 17728K, reserved 1048576K
GC Heap History (20 events):
Event: 13.042 GC heap before
{Heap before GC invocations=33 (full 0):
 garbage-first heap   total 181248K, used 165834K [0x0000000080000000, 0x0000000100000000)
  region size 1024K, 65 young (66560K), 2 survivors (2048K)
 Metaspace       used 99807K, committed 101824K, reserved 1179648K
  class space    used 13371K, committed 14400K, reserved 1048576K
}
Event: 13.045 GC heap after
{Heap after GC invocations=34 (full 0):
 garbage-first heap   total 181248K, used 101337K [0x0000000080000000, 0x0000000100000000)
  region size 1024K, 3 young (3072K), 3 survivors (3072K)
 Metaspace       used 99807K, committed 101824K, reserved 1179648K
  class space    used 13371K, committed 14400K, reserved 1048576K
}
Event: 13.508 GC heap before
{Heap before GC invocations=34 (full 0):
 garbage-first heap   total 181248K, used 166873K [0x0000000080000000, 0x0000000100000000)
  region size 1024K, 67 young (68608K), 3 survivors (3072K)
 Metaspace       used 102844K, committed 105024K, reserved 1179648K
  class space    used 13840K, committed 14912K, reserved 1048576K
}
Event: 13.513 GC heap after
{Heap after GC invocations=35 (full 0):
 garbage-first heap   total 181248K, used 106235K [0x0000000080000000, 0x0000000100000000)
  region size 1024K, 9 young (9216K), 9 survivors (9216K)
 Metaspace       used 102844K, committed 105024K, reserved 1179648K
  class space    used 13840K, committed 14912K, reserved 1048576K
}
Event: 13.999 GC heap before
{Heap before GC invocations=35 (full 0):
 garbage-first heap   total 181248K, used 160507K [0x0000000080000000, 0x0000000100000000)
  region size 1024K, 62 young (63488K), 9 survivors (9216K)
 Metaspace       used 106965K, committed 109184K, reserved 1179648K
  class space    used 14434K, committed 15552K, reserved 1048576K
}
Event: 14.005 GC heap after
{Heap after GC invocations=36 (full 0):
 garbage-first heap   total 181248K, used 110253K [0x0000000080000000, 0x0000000100000000)
  region size 1024K, 4 young (4096K), 4 survivors (4096K)
 Metaspace       used 106965K, committed 109184K, reserved 1179648K
  class space    used 14434K, committed 15552K, reserved 1048576K
}
Event: 14.535 GC heap before
{Heap before GC invocations=37 (full 0):
 garbage-first heap   total 184320K, used 167597K [0x0000000080000000, 0x0000000100000000)
  region size 1024K, 60 young (61440K), 4 survivors (4096K)
 Metaspace       used 111368K, committed 113664K, reserved 1179648K
  class space    used 15055K, committed 16192K, reserved 1048576K
}
Event: 14.540 GC heap after
{Heap after GC invocations=38 (full 0):
 garbage-first heap   total 184320K, used 114449K [0x0000000080000000, 0x0000000100000000)
  region size 1024K, 8 young (8192K), 8 survivors (8192K)
 Metaspace       used 111368K, committed 113664K, reserved 1179648K
  class space    used 15055K, committed 16192K, reserved 1048576K
}
Event: 15.161 GC heap before
{Heap before GC invocations=38 (full 0):
 garbage-first heap   total 184320K, used 170769K [0x0000000080000000, 0x0000000100000000)
  region size 1024K, 59 young (60416K), 8 survivors (8192K)
 Metaspace       used 116442K, committed 118720K, reserved 1179648K
  class space    used 15631K, committed 16768K, reserved 1048576K
}
Event: 15.170 GC heap after
{Heap after GC invocations=39 (full 0):
 garbage-first heap   total 189440K, used 119971K [0x0000000080000000, 0x0000000100000000)
  region size 1024K, 8 young (8192K), 8 survivors (8192K)
 Metaspace       used 116442K, committed 118720K, reserved 1179648K
  class space    used 15631K, committed 16768K, reserved 1048576K
}
Event: 15.429 GC heap before
{Heap before GC invocations=39 (full 0):
 garbage-first heap   total 189440K, used 170147K [0x0000000080000000, 0x0000000100000000)
  region size 1024K, 57 young (58368K), 8 survivors (8192K)
 Metaspace       used 116694K, committed 118976K, reserved 1179648K
  class space    used 15639K, committed 16768K, reserved 1048576K
}
Event: 15.435 GC heap after
{Heap after GC invocations=40 (full 0):
 garbage-first heap   total 189440K, used 125803K [0x0000000080000000, 0x0000000100000000)
  region size 1024K, 6 young (6144K), 6 survivors (6144K)
 Metaspace       used 116694K, committed 118976K, reserved 1179648K
  class space    used 15639K, committed 16768K, reserved 1048576K
}
Event: 15.738 GC heap before
{Heap before GC invocations=41 (full 0):
 garbage-first heap   total 211968K, used 169835K [0x0000000080000000, 0x0000000100000000)
  region size 1024K, 50 young (51200K), 6 survivors (6144K)
 Metaspace       used 116980K, committed 119296K, reserved 1179648K
  class space    used 15669K, committed 16832K, reserved 1048576K
}
Event: 15.742 GC heap after
{Heap after GC invocations=42 (full 0):
 garbage-first heap   total 211968K, used 128344K [0x0000000080000000, 0x0000000100000000)
  region size 1024K, 5 young (5120K), 5 survivors (5120K)
 Metaspace       used 116980K, committed 119296K, reserved 1179648K
  class space    used 15669K, committed 16832K, reserved 1048576K
}
Event: 16.035 GC heap before
{Heap before GC invocations=42 (full 0):
 garbage-first heap   total 211968K, used 191832K [0x0000000080000000, 0x0000000100000000)
  region size 1024K, 68 young (69632K), 5 survivors (5120K)
 Metaspace       used 117330K, committed 119680K, reserved 1179648K
  class space    used 15716K, committed 16896K, reserved 1048576K
}
Event: 16.040 GC heap after
{Heap after GC invocations=43 (full 0):
 garbage-first heap   total 211968K, used 129670K [0x0000000080000000, 0x0000000100000000)
  region size 1024K, 8 young (8192K), 8 survivors (8192K)
 Metaspace       used 117330K, committed 119680K, reserved 1179648K
  class space    used 15716K, committed 16896K, reserved 1048576K
}
Event: 16.700 GC heap before
{Heap before GC invocations=43 (full 0):
 garbage-first heap   total 211968K, used 190086K [0x0000000080000000, 0x0000000100000000)
  region size 1024K, 68 young (69632K), 8 survivors (8192K)
 Metaspace       used 120309K, committed 122560K, reserved 1179648K
  class space    used 16073K, committed 17216K, reserved 1048576K
}
Event: 16.705 GC heap after
{Heap after GC invocations=44 (full 0):
 garbage-first heap   total 254976K, used 133915K [0x0000000080000000, 0x0000000100000000)
  region size 1024K, 7 young (7168K), 7 survivors (7168K)
 Metaspace       used 120309K, committed 122560K, reserved 1179648K
  class space    used 16073K, committed 17216K, reserved 1048576K
}
Event: 24.599 GC heap before
{Heap before GC invocations=45 (full 0):
 garbage-first heap   total 254976K, used 227099K [0x0000000080000000, 0x0000000100000000)
  region size 1024K, 99 young (101376K), 7 survivors (7168K)
 Metaspace       used 122301K, committed 124608K, reserved 1179648K
  class space    used 16397K, committed 17536K, reserved 1048576K
}
Event: 24.605 GC heap after
{Heap after GC invocations=46 (full 0):
 garbage-first heap   total 254976K, used 137452K [0x0000000080000000, 0x0000000100000000)
  region size 1024K, 10 young (10240K), 10 survivors (10240K)
 Metaspace       used 122301K, committed 124608K, reserved 1179648K
  class space    used 16397K, committed 17536K, reserved 1048576K
}

